<?xml version="1.0" encoding="UTF-8"?>
<coverage generated="1734685668312" clover="3.2.0">
  <project timestamp="1734685668312" name="All files">
    <metrics statements="84" coveredstatements="74" conditionals="30" coveredconditionals="20" methods="29" coveredmethods="20" elements="143" coveredelements="114" complexity="0" loc="84" ncloc="84" packages="5" files="5" classes="5"/>
    <package name="components.Select">
      <metrics statements="6" coveredstatements="6" conditionals="0" coveredconditionals="0" methods="2" coveredmethods="2"/>
      <file name="index.tsx" path="C:\Users\jade2\Documents\Dev\wealth-health\wealth-health\src\components\Select\index.tsx">
        <metrics statements="6" coveredstatements="6" conditionals="0" coveredconditionals="0" methods="2" coveredmethods="2"/>
        <line num="2" count="1" type="stmt"/>
        <line num="3" count="1" type="stmt"/>
        <line num="17" count="1" type="stmt"/>
        <line num="18" count="8" type="stmt"/>
        <line num="22" count="8" type="stmt"/>
        <line num="30" count="1" type="stmt"/>
      </file>
    </package>
    <package name="components.screens.Employee">
      <metrics statements="35" coveredstatements="32" conditionals="26" coveredconditionals="20" methods="14" coveredmethods="11"/>
      <file name="index.tsx" path="C:\Users\jade2\Documents\Dev\wealth-health\wealth-health\src\components\screens\Employee\index.tsx">
        <metrics statements="35" coveredstatements="32" conditionals="26" coveredconditionals="20" methods="14" coveredmethods="11"/>
        <line num="1" count="1" type="stmt"/>
        <line num="10" count="1" type="stmt"/>
        <line num="11" count="1" type="stmt"/>
        <line num="12" count="1" type="stmt"/>
        <line num="13" count="1" type="stmt"/>
        <line num="18" count="1" type="stmt"/>
        <line num="19" count="19" type="stmt"/>
        <line num="20" count="14" type="stmt"/>
        <line num="21" count="14" type="stmt"/>
        <line num="25" count="14" type="stmt"/>
        <line num="26" count="14" type="stmt"/>
        <line num="27" count="14" type="stmt"/>
        <line num="29" count="14" type="stmt"/>
        <line num="30" count="7" type="stmt"/>
        <line num="31" count="12" type="stmt"/>
        <line num="32" count="36" type="cond" truecount="3" falsecount="1"/>
        <line num="36" count="7" type="stmt"/>
        <line num="38" count="7" type="cond" truecount="4" falsecount="0"/>
        <line num="39" count="1" type="stmt"/>
        <line num="40" count="6" type="cond" truecount="2" falsecount="0"/>
        <line num="41" count="1" type="stmt"/>
        <line num="43" count="5" type="stmt"/>
        <line num="48" count="14" type="stmt"/>
        <line num="60" count="14" type="stmt"/>
        <line num="74" count="14" type="stmt"/>
        <line num="81" count="0" type="stmt"/>
        <line num="85" count="56" type="stmt"/>
        <line num="94" count="2" type="stmt"/>
        <line num="101" count="14" type="stmt"/>
        <line num="102" count="126" type="stmt"/>
        <line num="140" count="21" type="stmt"/>
        <line num="142" count="189" type="stmt"/>
        <line num="164" count="0" type="stmt"/>
        <line num="171" count="0" type="stmt"/>
        <line num="183" count="1" type="stmt"/>
      </file>
    </package>
    <package name="components.screens.Home">
      <metrics statements="36" coveredstatements="30" conditionals="4" coveredconditionals="0" methods="12" coveredmethods="7"/>
      <file name="index.tsx" path="C:\Users\jade2\Documents\Dev\wealth-health\wealth-health\src\components\screens\Home\index.tsx">
        <metrics statements="36" coveredstatements="30" conditionals="4" coveredconditionals="0" methods="12" coveredmethods="7"/>
        <line num="1" count="1" type="stmt"/>
        <line num="2" count="1" type="stmt"/>
        <line num="3" count="1" type="stmt"/>
        <line num="4" count="1" type="stmt"/>
        <line num="5" count="1" type="stmt"/>
        <line num="6" count="1" type="stmt"/>
        <line num="7" count="1" type="stmt"/>
        <line num="8" count="1" type="stmt"/>
        <line num="9" count="1" type="stmt"/>
        <line num="10" count="1" type="stmt"/>
        <line num="11" count="1" type="stmt"/>
        <line num="15" count="1" type="stmt"/>
        <line num="16" count="4" type="stmt"/>
        <line num="17" count="4" type="stmt"/>
        <line num="18" count="4" type="stmt"/>
        <line num="20" count="4" type="stmt"/>
        <line num="21" count="1" type="stmt"/>
        <line num="22" count="1" type="stmt"/>
        <line num="28" count="1" type="stmt"/>
        <line num="29" count="1" type="stmt"/>
        <line num="32" count="0" type="stmt"/>
        <line num="36" count="4" type="stmt"/>
        <line num="37" count="0" type="stmt"/>
        <line num="41" count="4" type="stmt"/>
        <line num="49" count="4" type="stmt"/>
        <line num="50" count="236" type="stmt"/>
        <line num="57" count="4" type="stmt"/>
        <line num="92" count="4" type="stmt"/>
        <line num="94" count="0" type="stmt"/>
        <line num="110" count="4" type="stmt"/>
        <line num="112" count="0" type="stmt"/>
        <line num="144" count="4" type="stmt"/>
        <line num="147" count="0" type="cond" truecount="0" falsecount="2"/>
        <line num="166" count="4" type="stmt"/>
        <line num="169" count="0" type="cond" truecount="0" falsecount="2"/>
        <line num="183" count="1" type="stmt"/>
      </file>
    </package>
    <package name="store">
      <metrics statements="6" coveredstatements="5" conditionals="0" coveredconditionals="0" methods="1" coveredmethods="0"/>
      <file name="employeeSlice.ts" path="C:\Users\jade2\Documents\Dev\wealth-health\wealth-health\src\store\employeeSlice.ts">
        <metrics statements="6" coveredstatements="5" conditionals="0" coveredconditionals="0" methods="1" coveredmethods="0"/>
        <line num="1" count="1" type="stmt"/>
        <line num="19" count="1" type="stmt"/>
        <line num="21" count="1" type="stmt"/>
        <line num="26" count="0" type="stmt"/>
        <line num="31" count="1" type="stmt"/>
        <line num="33" count="1" type="stmt"/>
      </file>
    </package>
    <package name="utils">
      <metrics statements="1" coveredstatements="1" conditionals="0" coveredconditionals="0" methods="0" coveredmethods="0"/>
      <file name="states.ts" path="C:\Users\jade2\Documents\Dev\wealth-health\wealth-health\src\utils\states.ts">
        <metrics statements="1" coveredstatements="1" conditionals="0" coveredconditionals="0" methods="0" coveredmethods="0"/>
        <line num="1" count="1" type="stmt"/>
      </file>
    </package>
  </project>
</coverage>
