<?xml version="1.0" encoding="UTF-8"?>
<coverage generated="1733409565813" clover="3.2.0">
  <project timestamp="1733409565814" name="All files">
    <metrics statements="35" coveredstatements="32" conditionals="26" coveredconditionals="20" methods="14" coveredmethods="11" elements="75" coveredelements="63" complexity="0" loc="35" ncloc="35" packages="1" files="1" classes="1"/>
    <file name="index.tsx" path="C:\Users\elisa\Documents\Dev\Elisa_Rogge_14_11102024-\src\components\screens\Employee\index.tsx">
      <metrics statements="35" coveredstatements="32" conditionals="26" coveredconditionals="20" methods="14" coveredmethods="11"/>
      <line num="1" count="1" type="stmt"/>
      <line num="10" count="1" type="stmt"/>
      <line num="11" count="1" type="stmt"/>
      <line num="12" count="1" type="stmt"/>
      <line num="13" count="1" type="stmt"/>
      <line num="18" count="1" type="stmt"/>
      <line num="19" count="19" type="stmt"/>
      <line num="20" count="14" type="stmt"/>
      <line num="21" count="14" type="stmt"/>
      <line num="25" count="14" type="stmt"/>
      <line num="26" count="14" type="stmt"/>
      <line num="27" count="14" type="stmt"/>
      <line num="29" count="14" type="stmt"/>
      <line num="30" count="7" type="stmt"/>
      <line num="31" count="12" type="stmt"/>
      <line num="32" count="36" type="cond" truecount="3" falsecount="1"/>
      <line num="36" count="7" type="stmt"/>
      <line num="38" count="7" type="cond" truecount="4" falsecount="0"/>
      <line num="39" count="1" type="stmt"/>
      <line num="40" count="6" type="cond" truecount="2" falsecount="0"/>
      <line num="41" count="1" type="stmt"/>
      <line num="43" count="5" type="stmt"/>
      <line num="48" count="14" type="stmt"/>
      <line num="60" count="14" type="stmt"/>
      <line num="74" count="14" type="stmt"/>
      <line num="81" count="0" type="stmt"/>
      <line num="85" count="56" type="stmt"/>
      <line num="94" count="2" type="stmt"/>
      <line num="101" count="14" type="stmt"/>
      <line num="102" count="126" type="stmt"/>
      <line num="140" count="21" type="stmt"/>
      <line num="142" count="189" type="stmt"/>
      <line num="164" count="0" type="stmt"/>
      <line num="171" count="0" type="stmt"/>
      <line num="183" count="1" type="stmt"/>
    </file>
  </project>
</coverage>
