{"C:\\Users\\jade2\\Documents\\Dev\\wealth-health\\wealth-health\\src\\components\\Select\\index.tsx": {"path":"C:\\Users\\jade2\\Documents\\Dev\\wealth-health\\wealth-health\\src\\components\\Select\\index.tsx","statementMap":{"0":{"start":{"line":2,"column":0},"end":{"line":2,"column":51}},"1":{"start":{"line":3,"column":0},"end":{"line":3,"column":20}},"2":{"start":{"line":17,"column":54},"end":{"line":28,"column":1}},"3":{"start":{"line":18,"column":4},"end":{"line":27,"column":null}},"4":{"start":{"line":22,"column":48},"end":{"line":22,"column":70}},"5":{"start":{"line":30,"column":0},"end":{"line":30,"column":null}}},"fnMap":{"0":{"name":"(anonymous_1)","decl":{"start":{"line":17,"column":54},"end":{"line":17,"column":55}},"loc":{"start":{"line":17,"column":96},"end":{"line":28,"column":1}}},"1":{"name":"(anonymous_2)","decl":{"start":{"line":22,"column":36},"end":{"line":22,"column":37}},"loc":{"start":{"line":22,"column":48},"end":{"line":22,"column":70}}}},"branchMap":{},"s":{"0":1,"1":1,"2":1,"3":8,"4":8,"5":1},"f":{"0":8,"1":8},"b":{}}
,"C:\\Users\\jade2\\Documents\\Dev\\wealth-health\\wealth-health\\src\\components\\screens\\Employee\\index.tsx": {"path":"C:\\Users\\jade2\\Documents\\Dev\\wealth-health\\wealth-health\\src\\components\\screens\\Employee\\index.tsx","statementMap":{"0":{"start":{"line":1,"column":0},"end":{"line":1,"column":null}},"1":{"start":{"line":10,"column":0},"end":{"line":10,"column":41}},"2":{"start":{"line":11,"column":0},"end":{"line":11,"column":42}},"3":{"start":{"line":12,"column":0},"end":{"line":12,"column":40}},"4":{"start":{"line":13,"column":0},"end":{"line":13,"column":21}},"5":{"start":{"line":18,"column":46},"end":{"line":181,"column":1}},"6":{"start":{"line":19,"column":15},"end":{"line":19,"column":81}},"7":{"start":{"line":19,"column":65},"end":{"line":19,"column":80}},"8":{"start":{"line":20,"column":32},"end":{"line":20,"column":64}},"9":{"start":{"line":21,"column":38},"end":{"line":24,"column":4}},"10":{"start":{"line":25,"column":40},"end":{"line":25,"column":58}},"11":{"start":{"line":26,"column":42},"end":{"line":26,"column":62}},"12":{"start":{"line":27,"column":42},"end":{"line":27,"column":77}},"13":{"start":{"line":29,"column":2},"end":{"line":45,"column":26}},"14":{"start":{"line":30,"column":21},"end":{"line":33,"column":null}},"15":{"start":{"line":31,"column":6},"end":{"line":32,"column":null}},"16":{"start":{"line":32,"column":8},"end":{"line":32,"column":75}},"17":{"start":{"line":36,"column":4},"end":{"line":36,"column":30}},"18":{"start":{"line":38,"column":4},"end":{"line":44,"column":5}},"19":{"start":{"line":39,"column":6},"end":{"line":39,"column":51}},"20":{"start":{"line":40,"column":11},"end":{"line":44,"column":5}},"21":{"start":{"line":41,"column":6},"end":{"line":41,"column":43}},"22":{"start":{"line":43,"column":6},"end":{"line":43,"column":26}},"23":{"start":{"line":48,"column":18},"end":{"line":58,"column":4}},"24":{"start":{"line":60,"column":16},"end":{"line":72,"column":4}},"25":{"start":{"line":74,"column":2},"end":{"line":180,"column":4}},"26":{"start":{"line":81,"column":12},"end":{"line":81,"column":54}},"27":{"start":{"line":85,"column":12},"end":{"line":85,"column":35}},"28":{"start":{"line":94,"column":27},"end":{"line":94,"column":57}},"29":{"start":{"line":101,"column":12},"end":{"line":101,"column":null}},"30":{"start":{"line":102,"column":51},"end":{"line":133,"column":16}},"31":{"start":{"line":140,"column":14},"end":{"line":140,"column":null}},"32":{"start":{"line":142,"column":18},"end":{"line":142,"column":37}},"33":{"start":{"line":164,"column":27},"end":{"line":164,"column":47}},"34":{"start":{"line":171,"column":27},"end":{"line":171,"column":43}},"35":{"start":{"line":183,"column":0},"end":{"line":183,"column":28}}},"fnMap":{"0":{"name":"(anonymous_6)","decl":{"start":{"line":18,"column":46},"end":{"line":18,"column":49}},"loc":{"start":{"line":18,"column":51},"end":{"line":181,"column":1}}},"1":{"name":"(anonymous_7)","decl":{"start":{"line":19,"column":27},"end":{"line":19,"column":28}},"loc":{"start":{"line":19,"column":65},"end":{"line":19,"column":80}}},"2":{"name":"(anonymous_8)","decl":{"start":{"line":29,"column":12},"end":{"line":29,"column":15}},"loc":{"start":{"line":29,"column":17},"end":{"line":45,"column":3}}},"3":{"name":"(anonymous_9)","decl":{"start":{"line":30,"column":33},"end":{"line":30,"column":34}},"loc":{"start":{"line":31,"column":6},"end":{"line":32,"column":null}}},"4":{"name":"(anonymous_10)","decl":{"start":{"line":31,"column":35},"end":{"line":31,"column":36}},"loc":{"start":{"line":32,"column":8},"end":{"line":32,"column":75}}},"5":{"name":"(anonymous_11)","decl":{"start":{"line":80,"column":20},"end":{"line":80,"column":21}},"loc":{"start":{"line":80,"column":26},"end":{"line":82,"column":11}}},"6":{"name":"(anonymous_12)","decl":{"start":{"line":84,"column":33},"end":{"line":84,"column":34}},"loc":{"start":{"line":85,"column":12},"end":{"line":85,"column":35}}},"7":{"name":"(anonymous_13)","decl":{"start":{"line":94,"column":20},"end":{"line":94,"column":21}},"loc":{"start":{"line":94,"column":27},"end":{"line":94,"column":57}}},"8":{"name":"(anonymous_14)","decl":{"start":{"line":100,"column":39},"end":{"line":100,"column":40}},"loc":{"start":{"line":101,"column":12},"end":{"line":101,"column":null}}},"9":{"name":"(anonymous_15)","decl":{"start":{"line":102,"column":39},"end":{"line":102,"column":40}},"loc":{"start":{"line":102,"column":50},"end":{"line":133,"column":16}}},"10":{"name":"(anonymous_16)","decl":{"start":{"line":139,"column":41},"end":{"line":139,"column":42}},"loc":{"start":{"line":140,"column":14},"end":{"line":140,"column":null}}},"11":{"name":"(anonymous_17)","decl":{"start":{"line":141,"column":43},"end":{"line":141,"column":44}},"loc":{"start":{"line":142,"column":18},"end":{"line":142,"column":37}}},"12":{"name":"(anonymous_18)","decl":{"start":{"line":164,"column":21},"end":{"line":164,"column":24}},"loc":{"start":{"line":164,"column":27},"end":{"line":164,"column":47}}},"13":{"name":"(anonymous_19)","decl":{"start":{"line":171,"column":21},"end":{"line":171,"column":24}},"loc":{"start":{"line":171,"column":27},"end":{"line":171,"column":43}}}},"branchMap":{"0":{"loc":{"start":{"line":32,"column":8},"end":{"line":32,"column":75}},"type":"cond-expr","locations":[{"start":{"line":32,"column":13},"end":{"line":32,"column":15}},{"start":{"line":32,"column":8},"end":{"line":32,"column":75}}]},"1":{"loc":{"start":{"line":32,"column":8},"end":{"line":32,"column":15}},"type":"binary-expr","locations":[{"start":{"line":32,"column":8},"end":{"line":32,"column":15}},{"start":{"line":32,"column":8},"end":{"line":32,"column":15}}]},"2":{"loc":{"start":{"line":38,"column":4},"end":{"line":44,"column":5}},"type":"if","locations":[{"start":{"line":38,"column":4},"end":{"line":44,"column":5}},{"start":{"line":40,"column":11},"end":{"line":44,"column":5}}]},"3":{"loc":{"start":{"line":38,"column":8},"end":{"line":38,"column":51}},"type":"binary-expr","locations":[{"start":{"line":38,"column":8},"end":{"line":38,"column":26}},{"start":{"line":38,"column":30},"end":{"line":38,"column":51}}]},"4":{"loc":{"start":{"line":40,"column":11},"end":{"line":44,"column":5}},"type":"if","locations":[{"start":{"line":40,"column":11},"end":{"line":44,"column":5}},{"start":{"line":42,"column":11},"end":{"line":44,"column":5}}]},"5":{"loc":{"start":{"line":104,"column":19},"end":{"line":130,"column":null}},"type":"cond-expr","locations":[{"start":{"line":104,"column":42},"end":{"line":104,"column":46}},{"start":{"line":105,"column":20},"end":{"line":129,"column":null}}]},"6":{"loc":{"start":{"line":107,"column":24},"end":{"line":109,"column":30}},"type":"cond-expr","locations":[{"start":{"line":108,"column":28},"end":{"line":108,"column":56}},{"start":{"line":109,"column":28},"end":{"line":109,"column":30}}]},"7":{"loc":{"start":{"line":113,"column":24},"end":{"line":119,"column":37}},"type":"cond-expr","locations":[{"start":{"line":114,"column":28},"end":{"line":118,"column":42}},{"start":{"line":119,"column":28},"end":{"line":119,"column":37}}]},"8":{"loc":{"start":{"line":114,"column":28},"end":{"line":118,"column":42}},"type":"cond-expr","locations":[{"start":{"line":115,"column":30},"end":{"line":115,"column":46}},{"start":{"line":116,"column":30},"end":{"line":118,"column":42}}]},"9":{"loc":{"start":{"line":116,"column":30},"end":{"line":118,"column":42}},"type":"cond-expr","locations":[{"start":{"line":117,"column":30},"end":{"line":117,"column":47}},{"start":{"line":118,"column":30},"end":{"line":118,"column":42}}]},"10":{"loc":{"start":{"line":126,"column":23},"end":{"line":129,"column":70}},"type":"cond-expr","locations":[{"start":{"line":129,"column":62},"end":{"line":129,"column":66}},{"start":{"line":129,"column":66},"end":{"line":129,"column":70}}]},"11":{"loc":{"start":{"line":126,"column":23},"end":{"line":129,"column":66}},"type":"binary-expr","locations":[{"start":{"line":126,"column":23},"end":{"line":129,"column":66}},{"start":{"line":129,"column":62},"end":{"line":129,"column":66}}]},"12":{"loc":{"start":{"line":138,"column":11},"end":{"line":149,"column":null}},"type":"cond-expr","locations":[{"start":{"line":139,"column":12},"end":{"line":145,"column":14}},{"start":{"line":147,"column":12},"end":{"line":148,"column":null}}]}},"s":{"0":1,"1":1,"2":1,"3":1,"4":1,"5":1,"6":14,"7":19,"8":14,"9":14,"10":14,"11":14,"12":14,"13":14,"14":7,"15":12,"16":36,"17":7,"18":7,"19":1,"20":6,"21":1,"22":5,"23":14,"24":14,"25":14,"26":0,"27":56,"28":2,"29":14,"30":126,"31":21,"32":189,"33":0,"34":0,"35":1},"f":{"0":14,"1":19,"2":7,"3":12,"4":36,"5":0,"6":56,"7":2,"8":14,"9":126,"10":21,"11":189,"12":0,"13":0},"b":{"0":[0,36],"1":[36,36],"2":[1,6],"3":[7,2],"4":[1,5],"5":[0,126],"6":[126,0],"7":[126,0],"8":[99,27],"9":[27,0],"10":[0,126],"11":[126,126],"12":[11,3]}}
,"C:\\Users\\jade2\\Documents\\Dev\\wealth-health\\wealth-health\\src\\components\\screens\\Home\\index.tsx": {"path":"C:\\Users\\jade2\\Documents\\Dev\\wealth-health\\wealth-health\\src\\components\\screens\\Home\\index.tsx","statementMap":{"0":{"start":{"line":1,"column":0},"end":{"line":1,"column":40}},"1":{"start":{"line":2,"column":0},"end":{"line":2,"column":40}},"2":{"start":{"line":3,"column":0},"end":{"line":3,"column":54}},"3":{"start":{"line":4,"column":0},"end":{"line":4,"column":42}},"4":{"start":{"line":5,"column":0},"end":{"line":5,"column":52}},"5":{"start":{"line":6,"column":0},"end":{"line":6,"column":20}},"6":{"start":{"line":7,"column":0},"end":{"line":7,"column":42}},"7":{"start":{"line":8,"column":0},"end":{"line":8,"column":47}},"8":{"start":{"line":9,"column":0},"end":{"line":9,"column":42}},"9":{"start":{"line":10,"column":0},"end":{"line":10,"column":69}},"10":{"start":{"line":11,"column":0},"end":{"line":11,"column":47}},"11":{"start":{"line":15,"column":34},"end":{"line":181,"column":1}},"12":{"start":{"line":16,"column":46},"end":{"line":16,"column":55}},"13":{"start":{"line":17,"column":36},"end":{"line":17,"column":51}},"14":{"start":{"line":18,"column":19},"end":{"line":18,"column":32}},"15":{"start":{"line":20,"column":24},"end":{"line":34,"column":3}},"16":{"start":{"line":21,"column":4},"end":{"line":33,"column":5}},"17":{"start":{"line":22,"column":25},"end":{"line":25,"column":null}},"18":{"start":{"line":28,"column":6},"end":{"line":28,"column":43}},"19":{"start":{"line":29,"column":6},"end":{"line":29,"column":null}},"20":{"start":{"line":32,"column":6},"end":{"line":32,"column":null}},"21":{"start":{"line":36,"column":21},"end":{"line":38,"column":3}},"22":{"start":{"line":37,"column":4},"end":{"line":37,"column":null}},"23":{"start":{"line":41,"column":18},"end":{"line":47,"column":4}},"24":{"start":{"line":49,"column":20},"end":{"line":55,"column":4}},"25":{"start":{"line":50,"column":4},"end":{"line":53,"column":null}},"26":{"start":{"line":57,"column":2},"end":{"line":180,"column":4}},"27":{"start":{"line":92,"column":14},"end":{"line":99,"column":null}},"28":{"start":{"line":94,"column":42},"end":{"line":94,"column":56}},"29":{"start":{"line":110,"column":14},"end":{"line":116,"column":null}},"30":{"start":{"line":112,"column":42},"end":{"line":112,"column":56}},"31":{"start":{"line":144,"column":16},"end":{"line":147,"column":null}},"32":{"start":{"line":147,"column":48},"end":{"line":147,"column":102}},"33":{"start":{"line":166,"column":14},"end":{"line":170,"column":null}},"34":{"start":{"line":169,"column":46},"end":{"line":169,"column":100}},"35":{"start":{"line":183,"column":0},"end":{"line":183,"column":20}}},"fnMap":{"0":{"name":"(anonymous_1)","decl":{"start":{"line":15,"column":34},"end":{"line":15,"column":37}},"loc":{"start":{"line":15,"column":39},"end":{"line":181,"column":1}}},"1":{"name":"(anonymous_2)","decl":{"start":{"line":20,"column":24},"end":{"line":20,"column":25}},"loc":{"start":{"line":20,"column":43},"end":{"line":34,"column":3}}},"2":{"name":"(anonymous_3)","decl":{"start":{"line":36,"column":21},"end":{"line":36,"column":24}},"loc":{"start":{"line":36,"column":26},"end":{"line":38,"column":3}}},"3":{"name":"(anonymous_4)","decl":{"start":{"line":49,"column":31},"end":{"line":49,"column":32}},"loc":{"start":{"line":49,"column":41},"end":{"line":55,"column":3}}},"4":{"name":"(anonymous_5)","decl":{"start":{"line":91,"column":20},"end":{"line":91,"column":21}},"loc":{"start":{"line":92,"column":14},"end":{"line":99,"column":null}}},"5":{"name":"(anonymous_6)","decl":{"start":{"line":94,"column":26},"end":{"line":94,"column":27}},"loc":{"start":{"line":94,"column":42},"end":{"line":94,"column":56}}},"6":{"name":"(anonymous_7)","decl":{"start":{"line":109,"column":20},"end":{"line":109,"column":21}},"loc":{"start":{"line":110,"column":14},"end":{"line":116,"column":null}}},"7":{"name":"(anonymous_8)","decl":{"start":{"line":112,"column":26},"end":{"line":112,"column":27}},"loc":{"start":{"line":112,"column":42},"end":{"line":112,"column":56}}},"8":{"name":"(anonymous_9)","decl":{"start":{"line":143,"column":22},"end":{"line":143,"column":23}},"loc":{"start":{"line":144,"column":16},"end":{"line":147,"column":null}}},"9":{"name":"(anonymous_10)","decl":{"start":{"line":147,"column":28},"end":{"line":147,"column":29}},"loc":{"start":{"line":147,"column":48},"end":{"line":147,"column":102}}},"10":{"name":"(anonymous_11)","decl":{"start":{"line":165,"column":20},"end":{"line":165,"column":21}},"loc":{"start":{"line":166,"column":14},"end":{"line":170,"column":null}}},"11":{"name":"(anonymous_12)","decl":{"start":{"line":169,"column":26},"end":{"line":169,"column":27}},"loc":{"start":{"line":169,"column":46},"end":{"line":169,"column":100}}}},"branchMap":{"0":{"loc":{"start":{"line":147,"column":57},"end":{"line":147,"column":101}},"type":"cond-expr","locations":[{"start":{"line":147,"column":74},"end":{"line":147,"column":94}},{"start":{"line":147,"column":97},"end":{"line":147,"column":101}}]},"1":{"loc":{"start":{"line":169,"column":55},"end":{"line":169,"column":99}},"type":"cond-expr","locations":[{"start":{"line":169,"column":72},"end":{"line":169,"column":92}},{"start":{"line":169,"column":95},"end":{"line":169,"column":99}}]}},"s":{"0":1,"1":1,"2":1,"3":1,"4":1,"5":1,"6":1,"7":1,"8":1,"9":1,"10":1,"11":1,"12":4,"13":4,"14":4,"15":4,"16":1,"17":1,"18":1,"19":1,"20":0,"21":4,"22":0,"23":4,"24":4,"25":236,"26":4,"27":4,"28":0,"29":4,"30":0,"31":4,"32":0,"33":4,"34":0,"35":1},"f":{"0":4,"1":1,"2":0,"3":236,"4":4,"5":0,"6":4,"7":0,"8":4,"9":0,"10":4,"11":0},"b":{"0":[0,0],"1":[0,0]}}
,"C:\\Users\\jade2\\Documents\\Dev\\wealth-health\\wealth-health\\src\\store\\employeeSlice.ts": {"path":"C:\\Users\\jade2\\Documents\\Dev\\wealth-health\\wealth-health\\src\\store\\employeeSlice.ts","statementMap":{"0":{"start":{"line":1,"column":0},"end":{"line":1,"column":47}},"1":{"start":{"line":19,"column":33},"end":{"line":19,"column":35}},"2":{"start":{"line":21,"column":22},"end":{"line":29,"column":2}},"3":{"start":{"line":26,"column":6},"end":{"line":26,"column":33}},"4":{"start":{"line":31,"column":15},"end":{"line":31,"column":53}},"5":{"start":{"line":33,"column":0},"end":{"line":33,"column":37}}},"fnMap":{"0":{"name":"(anonymous_0)","decl":{"start":{"line":25,"column":17},"end":{"line":25,"column":18}},"loc":{"start":{"line":25,"column":35},"end":{"line":27,"column":5}}}},"branchMap":{},"s":{"0":1,"1":1,"2":1,"3":0,"4":1,"5":1},"f":{"0":0},"b":{}}
,"C:\\Users\\jade2\\Documents\\Dev\\wealth-health\\wealth-health\\src\\utils\\states.ts": {"path":"C:\\Users\\jade2\\Documents\\Dev\\wealth-health\\wealth-health\\src\\utils\\states.ts","statementMap":{"0":{"start":{"line":1,"column":13},"end":{"line":238,"column":2}}},"fnMap":{},"branchMap":{},"s":{"0":1},"f":{},"b":{}}
}
