TN:
SF:src\components\Select\index.tsx
FN:17,(anonymous_1)
FN:22,(anonymous_2)
FNF:2
FNH:2
FNDA:8,(anonymous_1)
FNDA:8,(anonymous_2)
DA:2,1
DA:3,1
DA:17,1
DA:18,8
DA:22,8
DA:30,1
LF:6
LH:6
BRF:0
BRH:0
end_of_record
TN:
SF:src\components\screens\Employee\index.tsx
FN:18,(anonymous_6)
FN:19,(anonymous_7)
FN:29,(anonymous_8)
FN:30,(anonymous_9)
FN:31,(anonymous_10)
FN:80,(anonymous_11)
FN:84,(anonymous_12)
FN:94,(anonymous_13)
FN:100,(anonymous_14)
FN:102,(anonymous_15)
FN:139,(anonymous_16)
FN:141,(anonymous_17)
FN:164,(anonymous_18)
FN:171,(anonymous_19)
FNF:14
FNH:11
FNDA:14,(anonymous_6)
FNDA:19,(anonymous_7)
FNDA:7,(anonymous_8)
FNDA:12,(anonymous_9)
FNDA:36,(anonymous_10)
FNDA:0,(anonymous_11)
FNDA:56,(anonymous_12)
FNDA:2,(anonymous_13)
FNDA:14,(anonymous_14)
FNDA:126,(anonymous_15)
FNDA:21,(anonymous_16)
FNDA:189,(anonymous_17)
FNDA:0,(anonymous_18)
FNDA:0,(anonymous_19)
DA:1,1
DA:10,1
DA:11,1
DA:12,1
DA:13,1
DA:18,1
DA:19,19
DA:20,14
DA:21,14
DA:25,14
DA:26,14
DA:27,14
DA:29,14
DA:30,7
DA:31,12
DA:32,36
DA:36,7
DA:38,7
DA:39,1
DA:40,6
DA:41,1
DA:43,5
DA:48,14
DA:60,14
DA:74,14
DA:81,0
DA:85,56
DA:94,2
DA:101,14
DA:102,126
DA:140,21
DA:142,189
DA:164,0
DA:171,0
DA:183,1
LF:35
LH:32
BRDA:32,0,0,0
BRDA:32,0,1,36
BRDA:32,1,0,36
BRDA:32,1,1,36
BRDA:38,2,0,1
BRDA:38,2,1,6
BRDA:38,3,0,7
BRDA:38,3,1,2
BRDA:40,4,0,1
BRDA:40,4,1,5
BRDA:104,5,0,0
BRDA:104,5,1,126
BRDA:107,6,0,126
BRDA:107,6,1,0
BRDA:113,7,0,126
BRDA:113,7,1,0
BRDA:114,8,0,99
BRDA:114,8,1,27
BRDA:116,9,0,27
BRDA:116,9,1,0
BRDA:126,10,0,0
BRDA:126,10,1,126
BRDA:126,11,0,126
BRDA:126,11,1,126
BRDA:138,12,0,11
BRDA:138,12,1,3
BRF:26
BRH:20
end_of_record
TN:
SF:src\components\screens\Home\index.tsx
FN:15,(anonymous_1)
FN:20,(anonymous_2)
FN:36,(anonymous_3)
FN:49,(anonymous_4)
FN:91,(anonymous_5)
FN:94,(anonymous_6)
FN:109,(anonymous_7)
FN:112,(anonymous_8)
FN:143,(anonymous_9)
FN:147,(anonymous_10)
FN:165,(anonymous_11)
FN:169,(anonymous_12)
FNF:12
FNH:7
FNDA:4,(anonymous_1)
FNDA:1,(anonymous_2)
FNDA:0,(anonymous_3)
FNDA:236,(anonymous_4)
FNDA:4,(anonymous_5)
FNDA:0,(anonymous_6)
FNDA:4,(anonymous_7)
FNDA:0,(anonymous_8)
FNDA:4,(anonymous_9)
FNDA:0,(anonymous_10)
FNDA:4,(anonymous_11)
FNDA:0,(anonymous_12)
DA:1,1
DA:2,1
DA:3,1
DA:4,1
DA:5,1
DA:6,1
DA:7,1
DA:8,1
DA:9,1
DA:10,1
DA:11,1
DA:15,1
DA:16,4
DA:17,4
DA:18,4
DA:20,4
DA:21,1
DA:22,1
DA:28,1
DA:29,1
DA:32,0
DA:36,4
DA:37,0
DA:41,4
DA:49,4
DA:50,236
DA:57,4
DA:92,4
DA:94,0
DA:110,4
DA:112,0
DA:144,4
DA:147,0
DA:166,4
DA:169,0
DA:183,1
LF:36
LH:30
BRDA:147,0,0,0
BRDA:147,0,1,0
BRDA:169,1,0,0
BRDA:169,1,1,0
BRF:4
BRH:0
end_of_record
TN:
SF:src\store\employeeSlice.ts
FN:25,(anonymous_0)
FNF:1
FNH:0
FNDA:0,(anonymous_0)
DA:1,1
DA:19,1
DA:21,1
DA:26,0
DA:31,1
DA:33,1
LF:6
LH:5
BRF:0
BRH:0
end_of_record
TN:
SF:src\utils\states.ts
FNF:0
FNH:0
DA:1,1
LF:1
LH:1
BRF:0
BRH:0
end_of_record
