TN:
SF:src\components\screens\Employee\index.tsx
FN:18,(anonymous_6)
FN:19,(anonymous_7)
FN:29,(anonymous_8)
FN:30,(anonymous_9)
FN:31,(anonymous_10)
FN:80,(anonymous_11)
FN:84,(anonymous_12)
FN:94,(anonymous_13)
FN:100,(anonymous_14)
FN:102,(anonymous_15)
FN:139,(anonymous_16)
FN:141,(anonymous_17)
FN:164,(anonymous_18)
FN:171,(anonymous_19)
FNF:14
FNH:11
FNDA:14,(anonymous_6)
FNDA:19,(anonymous_7)
FNDA:7,(anonymous_8)
FNDA:12,(anonymous_9)
FNDA:36,(anonymous_10)
FNDA:0,(anonymous_11)
FNDA:56,(anonymous_12)
FNDA:2,(anonymous_13)
FNDA:14,(anonymous_14)
FNDA:126,(anonymous_15)
FNDA:21,(anonymous_16)
FNDA:189,(anonymous_17)
FNDA:0,(anonymous_18)
FNDA:0,(anonymous_19)
DA:1,1
DA:10,1
DA:11,1
DA:12,1
DA:13,1
DA:18,1
DA:19,19
DA:20,14
DA:21,14
DA:25,14
DA:26,14
DA:27,14
DA:29,14
DA:30,7
DA:31,12
DA:32,36
DA:36,7
DA:38,7
DA:39,1
DA:40,6
DA:41,1
DA:43,5
DA:48,14
DA:60,14
DA:74,14
DA:81,0
DA:85,56
DA:94,2
DA:101,14
DA:102,126
DA:140,21
DA:142,189
DA:164,0
DA:171,0
DA:183,1
LF:35
LH:32
BRDA:32,0,0,0
BRDA:32,0,1,36
BRDA:32,1,0,36
BRDA:32,1,1,36
BRDA:38,2,0,1
BRDA:38,2,1,6
BRDA:38,3,0,7
BRDA:38,3,1,2
BRDA:40,4,0,1
BRDA:40,4,1,5
BRDA:104,5,0,0
BRDA:104,5,1,126
BRDA:107,6,0,126
BRDA:107,6,1,0
BRDA:113,7,0,126
BRDA:113,7,1,0
BRDA:114,8,0,99
BRDA:114,8,1,27
BRDA:116,9,0,27
BRDA:116,9,1,0
BRDA:126,10,0,0
BRDA:126,10,1,126
BRDA:126,11,0,126
BRDA:126,11,1,126
BRDA:138,12,0,11
BRDA:138,12,1,3
BRF:26
BRH:20
end_of_record
